<?xml version="1.0" encoding="UTF-8"?>
<testng-results skipped="0" failed="0" ignored="0" total="1" passed="1">
  <reporter-output>
  </reporter-output>
  <suite name="Default suite" duration-ms="13937" started-at="2022-05-08T16:30:47 IST" finished-at="2022-05-08T16:31:01 IST">
    <groups>
      <group name="cucumber">
        <method signature="AbstractTestNGCucumberTests.runScenario(io.cucumber.testng.PickleWrapper, io.cucumber.testng.FeatureWrapper)[pri:0, instance:cucumberOptions.TestNGTestRunner@2c039ac6]" name="runScenario" class="io.cucumber.testng.AbstractTestNGCucumberTests"/>
      </group> <!-- cucumber -->
    </groups>
    <test name="Default test" duration-ms="13937" started-at="2022-05-08T16:30:47 IST" finished-at="2022-05-08T16:31:01 IST">
      <class name="cucumberOptions.TestNGTestRunner">
        <test-method status="PASS" signature="setUpClass()[pri:0, instance:cucumberOptions.TestNGTestRunner@2c039ac6]" name="setUpClass" is-config="true" duration-ms="1240" started-at="2022-05-08T16:30:47 IST" finished-at="2022-05-08T16:30:49 IST">
          <reporter-output>
          </reporter-output>
        </test-method> <!-- setUpClass -->
        <test-method status="PASS" signature="runScenario(io.cucumber.testng.PickleWrapper, io.cucumber.testng.FeatureWrapper)[pri:0, instance:cucumberOptions.TestNGTestRunner@2c039ac6]" name="runScenario" duration-ms="12094" started-at="2022-05-08T16:30:49 IST" description="Runs Cucumber Scenarios" data-provider="scenarios" finished-at="2022-05-08T16:31:01 IST">
          <params>
            <param index="0">
              <value>
                <![CDATA["User should be product order place successfully with using promocode"]]>
              </value>
            </param>
            <param index="1">
              <value>
                <![CDATA["Optional[Place the order of products]"]]>
              </value>
            </param>
          </params>
          <reporter-output>
          </reporter-output>
        </test-method> <!-- runScenario -->
        <test-method status="PASS" signature="tearDownClass()[pri:0, instance:cucumberOptions.TestNGTestRunner@2c039ac6]" name="tearDownClass" is-config="true" duration-ms="509" started-at="2022-05-08T16:31:01 IST" finished-at="2022-05-08T16:31:01 IST">
          <reporter-output>
          </reporter-output>
        </test-method> <!-- tearDownClass -->
      </class> <!-- cucumberOptions.TestNGTestRunner -->
    </test> <!-- Default test -->
  </suite> <!-- Default suite -->
</testng-results>
