<?xml version="1.0" encoding="UTF-8"?>
<!-- Generated by org.testng.reporters.JUnitReportReporter -->
<testsuite skipped="0" hostname="DESKTOP-QMHOFE8" name="cucumberOptions.Failed_TestNGTestRunner" tests="1" failures="1" timestamp="2022-05-08T13:52:09 IST" time="10.655" errors="0">
  <testcase name="runScenario" time="10.655" classname="cucumberOptions.Failed_TestNGTestRunner">
    <failure type="java.lang.AssertionError" message="expected [Beetroot] but found [No data]">
      <![CDATA[java.lang.AssertionError: expected [Beetroot] but found [No data]
at org.testng.Assert.fail(Assert.java:99)
at org.testng.Assert.failNotEquals(Assert.java:1037)
at org.testng.Assert.assertEqualsImpl(Assert.java:140)
at org.testng.Assert.assertEquals(Assert.java:122)
at org.testng.Assert.assertEquals(Assert.java:629)
at org.testng.Assert.assertEquals(Assert.java:639)
at stepDefinations.OfferPageStepDefination.Validate_product_name_matches_offer_page_with_landing_page(OfferPageStepDefination.java:68)
at ✽.Validate product name matches offer page with landing page(file:///C:/Users/rajam/CucumberFrameworkProject/src/test/java/Features/searchProduct1.feature:8)
]]>
    </failure>
  </testcase> <!-- runScenario -->
  <system-out/>
</testsuite> <!-- cucumberOptions.Failed_TestNGTestRunner -->
